  Learning.cpp
D:\Git\Learning\Learning\Learning\Learning.cpp(60,23): warning C4018: '<': signed/unsigned mismatch
D:\Git\Learning\Learning\Learning\Learning.cpp(100,27): warning C4018: '<': signed/unsigned mismatch
D:\Git\Learning\Learning\Learning\Learning.cpp(227,42): warning C4244: '=': conversion from 'double' to 'int', possible loss of data
D:\Git\Learning\Learning\Learning\Learning.cpp(282,23): warning C4018: '<': signed/unsigned mismatch
D:\Git\Learning\Learning\Learning\Learning.cpp(370,23): warning C4018: '<': signed/unsigned mismatch
D:\Git\Learning\Learning\Learning\Learning.cpp(380,17): warning C4244: 'return': conversion from 'double' to 'int', possible loss of data
D:\Git\Learning\Learning\Learning\Learning.cpp(452,23): warning C4018: '<': signed/unsigned mismatch
D:\Git\Learning\Learning\Learning\Learning.cpp(523,23): warning C4018: '<': signed/unsigned mismatch
D:\Git\Learning\Learning\Learning\Learning.cpp(533,23): warning C4018: '<': signed/unsigned mismatch
D:\Git\Learning\Learning\Learning\Learning.cpp(550,24): warning C4018: '<': signed/unsigned mismatch
D:\Git\Learning\Learning\Learning\Learning.cpp(670,24): warning C4018: '<': signed/unsigned mismatch
D:\Git\Learning\Learning\Learning\Learning.cpp(732,28): warning C4018: '<': signed/unsigned mismatch
D:\Git\Learning\Learning\Learning\Learning.cpp(798,19): warning C4018: '<=': signed/unsigned mismatch
D:\Git\Learning\Learning\Learning\Learning.cpp(800,28): warning C4018: '<': signed/unsigned mismatch
D:\Git\Learning\Learning\Learning\Learning.cpp(808,32): warning C4018: '<': signed/unsigned mismatch
D:\Git\Learning\Learning\Learning\Learning.cpp(822,28): warning C4018: '<': signed/unsigned mismatch
D:\Git\Learning\Learning\Learning\Learning.cpp(853,38): warning C4244: '=': conversion from 'double' to 'int', possible loss of data
D:\Git\Learning\Learning\Learning\Learning.cpp(868,35): warning C4244: '=': conversion from 'double' to 'int', possible loss of data
D:\Git\Learning\Learning\Learning\Learning.cpp(885,25): warning C4305: 'initializing': truncation from 'double' to 'float'
D:\Git\Learning\Learning\Learning\Learning.cpp(887,17): warning C4244: 'initializing': conversion from 'double' to 'float', possible loss of data
D:\Git\Learning\Learning\Learning\Learning.cpp(891,5): warning C4305: 'initializing': truncation from 'double' to 'float'
D:\Git\Learning\Learning\Learning\Learning.cpp(891,55): warning C4305: '+=': truncation from 'double' to 'float'
D:\Git\Learning\Learning\Learning\Learning.cpp(894,33): warning C4244: '=': conversion from 'double' to 'float', possible loss of data
D:\Git\Learning\Learning\Learning\Learning.cpp(897,28): warning C4244: '=': conversion from 'double' to 'float', possible loss of data
D:\Git\Learning\Learning\Learning\Learning.cpp(901,17): warning C4244: 'return': conversion from 'float' to 'int', possible loss of data
D:\Git\Learning\Learning\Learning\Learning.cpp(943,24): warning C4018: '<': signed/unsigned mismatch
D:\Git\Learning\Learning\Learning\Learning.cpp(954,15): warning C4244: 'return': conversion from 'double' to 'int', possible loss of data
D:\Git\Learning\Learning\Learning\Learning.cpp(962,24): warning C4018: '<': signed/unsigned mismatch
D:\Git\Learning\Learning\Learning\Learning.cpp(1070,24): warning C4018: '<': signed/unsigned mismatch
D:\Git\Learning\Learning\Learning\Learning.cpp(1075,24): warning C4018: '<': signed/unsigned mismatch
D:\Git\Learning\Learning\Learning\Learning.cpp(1078,28): warning C4018: '<': signed/unsigned mismatch
D:\Git\Learning\Learning\Learning\Learning.cpp(1104,24): warning C4018: '<': signed/unsigned mismatch
D:\Git\Learning\Learning\Learning\Learning.cpp(1111,24): warning C4018: '<': signed/unsigned mismatch
  Learning.vcxproj -> D:\Git\Learning\Learning\Debug\Learning.exe
